<?xml version="1.0" encoding="UTF-8"?>
<!-- Generated by org.testng.reporters.JUnitXMLReporter -->
<testsuite ignored="1" hostname="LAPTOP-NNL36FNM" failures="0" tests="2" name="TestonChrome" time="38.591" errors="0" timestamp="2025-09-17T12:15:34 IST">
  <testcase classname="com.ash.tests.AdminCreation" name="Admin" time="20.67"/>
  <testcase classname="com.ash.tests.RecritmentCreation" name="Recruit" time="5.887"/>
  <testcase classname="com.ash.utils.ExtentManager" name="@BeforeTest getInstance" time="0.0">
    <ignored/>
  </testcase> <!-- @BeforeTest getInstance -->
</testsuite> <!-- TestonChrome -->
