<?xml version="1.0" encoding="UTF-8"?>
<testng-results ignored="0" total="2" passed="2" failed="0" skipped="0">
  <reporter-output>
  </reporter-output>
  <suite started-at="2025-09-17T12:14:55 IST" name="Suite" finished-at="2025-09-17T12:15:34 IST" duration-ms="38591">
    <groups>
    </groups>
    <test started-at="2025-09-17T12:14:55 IST" name="TestonChrome" finished-at="2025-09-17T12:15:34 IST" duration-ms="38591">
      <class name="com.ash.tests.AdminCreation">
        <test-method is-config="true" signature="getInstance()[pri:0, instance:com.ash.tests.AdminCreation@279fedbd]" started-at="2025-09-17T12:14:55 IST" name="getInstance" finished-at="2025-09-17T12:14:56 IST" duration-ms="288" status="PASS">
          <reporter-output>
          </reporter-output>
        </test-method> <!-- getInstance -->
        <test-method is-config="true" signature="launchBrowser(java.lang.String)[pri:0, instance:com.ash.tests.AdminCreation@279fedbd]" started-at="2025-09-17T12:14:56 IST" name="launchBrowser" finished-at="2025-09-17T12:15:03 IST" duration-ms="7710" status="PASS">
          <params>
            <param index="0">
              <value>
                <![CDATA[chrome]]>
              </value>
            </param>
          </params>
          <reporter-output>
          </reporter-output>
        </test-method> <!-- launchBrowser -->
        <test-method signature="Admin()[pri:0, instance:com.ash.tests.AdminCreation@279fedbd]" started-at="2025-09-17T12:15:03 IST" name="Admin" finished-at="2025-09-17T12:15:24 IST" duration-ms="20670" status="PASS">
          <reporter-output>
          </reporter-output>
        </test-method> <!-- Admin -->
      </class> <!-- com.ash.tests.AdminCreation -->
      <class name="com.ash.tests.RecritmentCreation">
        <test-method is-config="true" signature="launchBrowser(java.lang.String)[pri:0, instance:com.ash.tests.RecritmentCreation@1ff4931d]" started-at="2025-09-17T12:15:24 IST" name="launchBrowser" finished-at="2025-09-17T12:15:28 IST" duration-ms="3997" status="PASS">
          <params>
            <param index="0">
              <value>
                <![CDATA[chrome]]>
              </value>
            </param>
          </params>
          <reporter-output>
          </reporter-output>
        </test-method> <!-- launchBrowser -->
        <test-method signature="Recruit()[pri:0, instance:com.ash.tests.RecritmentCreation@1ff4931d]" started-at="2025-09-17T12:15:28 IST" name="Recruit" finished-at="2025-09-17T12:15:34 IST" duration-ms="5887" status="PASS">
          <reporter-output>
          </reporter-output>
        </test-method> <!-- Recruit -->
      </class> <!-- com.ash.tests.RecritmentCreation -->
    </test> <!-- TestonChrome -->
  </suite> <!-- Suite -->
</testng-results>
